# JRE version: OpenJDK Runtime Environment (17.0.10) (build 17.0.10+0--11572160)
# Java VM: OpenJDK 64-Bit Server VM (17.0.10+0--11572160, mixed mode, tiered, compressed oops, compressed class ptrs, g1 gc, windows-amd64)
GC Precious Log:
 CPUs: 12 total, 12 available
 Memory: 7549M
 Large Page Support: Disabled
 NUMA Support: Disabled
 Compressed Oops: Enabled (32-bit)
 Heap Region Size: 1M
 Heap Min Capacity: 8M
 Heap Initial Capacity: 118M
 Heap Max Capacity: 2G
 Pre-touch: Disabled
 Parallel Workers: 10
 Concurrent Workers: 3
 Concurrent Refinement Workers: 10
 Periodic GC: Disabled
Heap:
 garbage-first heap   total 400384K, used 296112K [0x0000000080000000, 0x0000000100000000)
  region size 1024K, 3 young (3072K), 3 survivors (3072K)
 Metaspace       used 139003K, committed 141056K, reserved 1179648K
  class space    used 19158K, committed 20160K, reserved 1048576K
GC Heap History (20 events):
Event: 1535.938 GC heap after
{Heap after GC invocations=68 (full 0):
 garbage-first heap   total 356352K, used 262920K [0x0000000080000000, 0x0000000100000000)
  region size 1024K, 7 young (7168K), 7 survivors (7168K)
 Metaspace       used 136793K, committed 138304K, reserved 1179648K
  class space    used 18760K, committed 19456K, reserved 1048576K
}
Event: 1774.500 GC heap before
{Heap before GC invocations=68 (full 0):
 garbage-first heap   total 356352K, used 304904K [0x0000000080000000, 0x0000000100000000)
  region size 1024K, 49 young (50176K), 7 survivors (7168K)
 Metaspace       used 137357K, committed 139008K, reserved 1179648K
  class space    used 18877K, committed 19648K, reserved 1048576K
}
Event: 1774.520 GC heap after
{Heap after GC invocations=69 (full 0):
 garbage-first heap   total 356352K, used 265903K [0x0000000080000000, 0x0000000100000000)
  region size 1024K, 4 young (4096K), 4 survivors (4096K)
 Metaspace       used 137357K, committed 139008K, reserved 1179648K
  class space    used 18877K, committed 19648K, reserved 1048576K
}
Event: 1774.841 GC heap before
{Heap before GC invocations=69 (full 0):
 garbage-first heap   total 356352K, used 306863K [0x0000000080000000, 0x0000000100000000)
  region size 1024K, 44 young (45056K), 4 survivors (4096K)
 Metaspace       used 138247K, committed 140160K, reserved 1179648K
  class space    used 19054K, committed 19968K, reserved 1048576K
}
Event: 1774.846 GC heap after
{Heap after GC invocations=70 (full 0):
 garbage-first heap   total 356352K, used 269532K [0x0000000080000000, 0x0000000100000000)
  region size 1024K, 6 young (6144K), 6 survivors (6144K)
 Metaspace       used 138247K, committed 140160K, reserved 1179648K
  class space    used 19054K, committed 19968K, reserved 1048576K
}
Event: 1775.122 GC heap before
{Heap before GC invocations=70 (full 0):
 garbage-first heap   total 356352K, used 308444K [0x0000000080000000, 0x0000000100000000)
  region size 1024K, 44 young (45056K), 6 survivors (6144K)
 Metaspace       used 138665K, committed 140672K, reserved 1179648K
  class space    used 19125K, committed 20096K, reserved 1048576K
}
Event: 1775.136 GC heap after
{Heap after GC invocations=71 (full 0):
 garbage-first heap   total 356352K, used 275265K [0x0000000080000000, 0x0000000100000000)
  region size 1024K, 6 young (6144K), 6 survivors (6144K)
 Metaspace       used 138665K, committed 140672K, reserved 1179648K
  class space    used 19125K, committed 20096K, reserved 1048576K
}
Event: 1944.408 GC heap before
{Heap before GC invocations=71 (full 0):
 garbage-first heap   total 356352K, used 308033K [0x0000000080000000, 0x0000000100000000)
  region size 1024K, 39 young (39936K), 6 survivors (6144K)
 Metaspace       used 138778K, committed 140800K, reserved 1179648K
  class space    used 19140K, committed 20096K, reserved 1048576K
}
Event: 1944.435 GC heap after
{Heap after GC invocations=72 (full 0):
 garbage-first heap   total 356352K, used 277797K [0x0000000080000000, 0x0000000100000000)
  region size 1024K, 3 young (3072K), 3 survivors (3072K)
 Metaspace       used 138778K, committed 140800K, reserved 1179648K
  class space    used 19140K, committed 20096K, reserved 1048576K
}
Event: 1944.557 GC heap before
{Heap before GC invocations=72 (full 0):
 garbage-first heap   total 356352K, used 309541K [0x0000000080000000, 0x0000000100000000)
  region size 1024K, 34 young (34816K), 3 survivors (3072K)
 Metaspace       used 138797K, committed 140800K, reserved 1179648K
  class space    used 19141K, committed 20096K, reserved 1048576K
}
Event: 1944.562 GC heap after
{Heap after GC invocations=73 (full 0):
 garbage-first heap   total 356352K, used 282171K [0x0000000080000000, 0x0000000100000000)
  region size 1024K, 5 young (5120K), 5 survivors (5120K)
 Metaspace       used 138797K, committed 140800K, reserved 1179648K
  class space    used 19141K, committed 20096K, reserved 1048576K
}
Event: 1944.691 GC heap before
{Heap before GC invocations=73 (full 0):
 garbage-first heap   total 356352K, used 309819K [0x0000000080000000, 0x0000000100000000)
  region size 1024K, 33 young (33792K), 5 survivors (5120K)
 Metaspace       used 138820K, committed 140800K, reserved 1179648K
  class space    used 19141K, committed 20096K, reserved 1048576K
}
Event: 1944.702 GC heap after
{Heap after GC invocations=74 (full 0):
 garbage-first heap   total 356352K, used 286009K [0x0000000080000000, 0x0000000100000000)
  region size 1024K, 4 young (4096K), 4 survivors (4096K)
 Metaspace       used 138820K, committed 140800K, reserved 1179648K
  class space    used 19141K, committed 20096K, reserved 1048576K
}
Event: 1968.467 GC heap before
{Heap before GC invocations=74 (full 0):
 garbage-first heap   total 356352K, used 310585K [0x0000000080000000, 0x0000000100000000)
  region size 1024K, 28 young (28672K), 4 survivors (4096K)
 Metaspace       used 138895K, committed 140928K, reserved 1179648K
  class space    used 19158K, committed 20160K, reserved 1048576K
}
Event: 1968.472 GC heap after
{Heap after GC invocations=75 (full 0):
 garbage-first heap   total 356352K, used 287648K [0x0000000080000000, 0x0000000100000000)
  region size 1024K, 2 young (2048K), 2 survivors (2048K)
 Metaspace       used 138895K, committed 140928K, reserved 1179648K
  class space    used 19158K, committed 20160K, reserved 1048576K
}
Event: 1968.568 GC heap before
{Heap before GC invocations=75 (full 0):
 garbage-first heap   total 356352K, used 311200K [0x0000000080000000, 0x0000000100000000)
  region size 1024K, 26 young (26624K), 2 survivors (2048K)
 Metaspace       used 138907K, committed 140928K, reserved 1179648K
  class space    used 19158K, committed 20160K, reserved 1048576K
}
Event: 1968.572 GC heap after
{Heap after GC invocations=76 (full 0):
 garbage-first heap   total 356352K, used 289921K [0x0000000080000000, 0x0000000100000000)
  region size 1024K, 4 young (4096K), 4 survivors (4096K)
 Metaspace       used 138907K, committed 140928K, reserved 1179648K
  class space    used 19158K, committed 20160K, reserved 1048576K
}
Event: 1968.680 GC heap before
{Heap before GC invocations=76 (full 0):
 garbage-first heap   total 356352K, used 312449K [0x0000000080000000, 0x0000000100000000)
  region size 1024K, 26 young (26624K), 4 survivors (4096K)
 Metaspace       used 138982K, committed 140992K, reserved 1179648K
  class space    used 19158K, committed 20160K, reserved 1048576K
}
Event: 1968.690 GC heap after
{Heap after GC invocations=77 (full 0):
 garbage-first heap   total 356352K, used 293953K [0x0000000080000000, 0x0000000100000000)
  region size 1024K, 4 young (4096K), 4 survivors (4096K)
 Metaspace       used 138982K, committed 140992K, reserved 1179648K
  class space    used 19158K, committed 20160K, reserved 1048576K
}
Event: 1968.759 GC heap before
{Heap before GC invocations=77 (full 0):
 garbage-first heap   total 356352K, used 312384K [0x0000000080000000, 0x0000000100000000)
  region size 1024K, 22 young (22528K), 4 survivors (4096K)
 Metaspace       used 139003K, committed 141056K, reserved 1179648K
  class space    used 19158K, committed 20160K, reserved 1048576K
}

